A	O
handful	O
of	O
professors	O
in	O
the	O
UW	B-/organization
Department	B-/organization/company,/government_agency,/organization
of	I-/organization/company,/government_agency,/organization
Chemistry	I-/organization/company,/government_agency,/organization
are	O
being	O
recognized	O
by	O
the	O
American	B-/organization/company,/organization
Association	I-/organization/company,/organization
for	I-/organization/company,/organization
the	I-/organization/company,/organization
Advancement	I-/organization/company,/organization
of	I-/organization/company,/organization
Science	I-/organization/company,/organization
(	O
AAAS	B-/organization
)	O
for	O
their	O
efforts	O
and	O
contributions	O
to	O
the	O
scientific	O
community	O
.	O

The	O
AAAS	B-/organization/company,/organization
is	O
the	O
largest	O
scientific	O
society	O
in	O
the	O
world	O
and	O
publishes	O
journals	O
such	O
as	O
Science	B-/written_work
,	O
and	O
Science	B-/written_work
Translational	I-/written_work
Medicine	I-/written_work
.	O

Last	O
month	O
,	O
the	O
organization	O
elected	O
539	O
of	O
its	O
members	O
as	O
Fellows	B-/title
of	O
AAAS	B-/organization/company,/organization
,	O
an	O
honor	O
that	O
recognizes	O
members	O
“	O
whose	O
efforts	O
on	O
behalf	O
of	O
the	O
advancement	O
of	O
science	O
or	O
its	O
applications	O
are	O
scientifically	O
or	O
socially	O
distinguished	O
,	O
”	O
according	O
to	O
the	O
association	O
’s	O
website	O
.	O

Nine	O
of	O
the	O
individuals	O
elected	O
are	O
UW	B-/organization
faculty	O
members	O
.	O

“	O
Election	O
to	O
the	O
AAAS	B-/organization/company,/organization
is	O
a	O
very	O
high	O
honor	O
,	O
”	O
said	O
chemistry	O
department	O
chair	O
Paul	B-/person,/person/author
Hopkins	I-/person,/person/author
.	O

“	O
[	O
Fellows	O
]	O
are	O
very	O
deserving	O
of	O
these	O
awards	O
.	O
”	O

Hopkins	B-/person
said	O
four	O
fellow	O
elections	O
is	O
curious	O
,	O
considering	O
the	O
size	O
of	O
his	O
faculty	O
.	O

“	O
We	O
’re	O
a	O
faculty	O
of	O
33	O
members	O
,	O
”	O
Hopkins	O
said	O
.	O

“	O
To	O
have	O
four	O
of	O
them	O
elected	O
in	O
a	O
single	O
year	O
is	O
more	O
than	O
10	O
percent	O
of	O
my	O
department	O
,	O
which	O
is	O
very	O
unusual	O
.	O
”	O

He	O
said	O
it	O
speaks	O
to	O
the	O
stature	O
and	O
the	O
performance	O
of	O
the	O
faculty	O
in	O
this	O
department	O
,	O
and	O
at	O
this	O
university	O
in	O
general	O
,	O
that	O
faculty	O
is	O
being	O
recognized	O
by	O
the	O
association	O
.	O

Of	O
these	O
nine	O
fellows	O
,	O
four	O
of	O
them	O
are	O
part	O
of	O
the	O
UW	B-/organization
Department	B-/organization/company,/organization
of	I-/organization/company,/organization
Chemistry	I-/organization/company,/organization
:	O
Daniel	B-/person
T.	I-/person
Chiu	I-/person
,	O
Daniel	B-/person
R.	I-/person
Gamelin	I-/person
,	O
Karen	B-/person
I.	I-/person
Goldberg	I-/person
,	O
and	O
Bruce	B-/person
H.	I-/person
Robinson	I-/person
.	O

“	O
It	O
’s	O
an	O
honor	O
that	O
the	O
department	O
was	O
recognized	O
in	O
this	O
way	O
,	O
”	O
Gamelin	B-/person
said	O
.	O

Hopkins	B-/person
explained	O
this	O
year	O
’s	O
elected	O
fellows	O
were	O
an	O
especially	O
varied	O
group	O
.	O

Each	O
of	O
the	O
professors	O
was	O
elected	O
for	O
very	O
different	O
reasons	O
,	O
he	O
said	O
.	O

Bruce	B-/person,/person/author
Robinson	I-/person,/person/author
is	O
a	O
theorist	O
and	O
spectroscopist	O
,	O
who	O
has	O
been	O
contributing	O
to	O
the	O
field	O
for	O
the	O
past	O
40	O
years	O
.	O

Currently	O
,	O
Gamelin	B-/location
is	O
researching	O
the	O
synthesis	O
of	O
nanomaterials	O
;	O
Chiu	B-/person
is	O
working	O
on	O
manipulation	O
of	O
matter	O
with	O
lasers	O
;	O
and	O
Goldberg	B-/person
is	O
exploring	O
inorganic	O
catalysis	O
,	O
where	O
she	O
seeks	O
to	O
find	O
more	O
efficient	O
ways	O
of	O
catalyzing	O
chemical	O
reactions	O
.	O

To	O
be	O
eligible	O
for	O
election	O
,	O
members	O
must	O
be	O
nominated	O
by	O
three	O
fellows	O
.	O

These	O
nominations	O
are	O
then	O
reviewed	O
by	O
steering	O
groups	O
within	O
the	O
association	O
who	O
elect	O
fellows	O
from	O
a	O
pool	O
of	O
their	O
approved	O
nominees	O
.	O

Newly	O
elected	O
fellows	O
are	O
invited	O
to	O
attend	O
the	O
annual	O
Fellows	B-/organization
Forum	I-/organization
,	O
held	O
this	O
year	O
in	O
Vancouver	B-/location,/location/city,/language
,	O
B.C	B-/location
.	O

The	B-/building
Fellows	I-/building
Forum	I-/building
,	O
concerned	O
in	O
part	O
with	O
the	O
induction	O
of	O
newly	O
elected	O
fellows	O
,	O
is	O
just	O
one	O
event	O
of	O
the	O
association	O
’s	O
annual	O
meeting	O
.	O

Open	O
to	O
all	O
members	O
,	O
the	O
meeting	O
consists	O
of	O
exhibits	O
,	O
seminars	O
,	O
and	O
presentations	O
by	O
members	O
in	O
various	O
scientific	O
fields	O
.	O

It	O
will	O
take	O
place	O
Feb.	B-/time
16	I-/time
–	I-/time
20	I-/time
.	O

Some	O
of	O
the	O
UW	B-/organization
’s	O
Fellows	O
believe	O
these	O
nominations	O
are	O
a	O
testament	O
to	O
the	O
faculty	O
’s	O
success	O
despite	O
financial	O
troubles	O
.	O

“	O
This	O
speaks	O
very	O
highly	O
of	O
the	O
quality	O
of	O
hiring	O
we	O
do	O
in	O
spite	O
of	O
the	O
budget	O
problems	O
,	O
”	O
said	O
professor	O
Charles	B-/person
Campbell	I-/person
,	O
who	O
was	O
elected	O
as	O
an	O
Fellow	O
in	O
2010	O
.	O

“	O
We	O
’ve	O
really	O
hired	O
some	O
good	O
people	O
here	O
.	O
”	O

Other	O
newly	O
elected	O
,	O
UW-based	O
fellows	O
include	O
E.	B-/person
Virginia	I-/person
Armbrust	I-/person
of	O
the	O
School	B-/organization/educational_institution
of	I-/organization/educational_institution
Oceanography	I-/organization/educational_institution
,	O
Neil	B-/person
M.	I-/person
Nathanson	I-/person
of	O
the	O
Department	B-/government_agency,/government/government
of	I-/government_agency,/government/government
Pharmacology	I-/government_agency,/government/government
,	O
Danny	B-/person
Shen	I-/person
and	O
Jashvant	B-/person
Unadkat	I-/person
of	O
the	O
School	B-/organization,/organization/educational_institution
of	I-/organization,/organization/educational_institution
Pharmacy	I-/organization,/organization/educational_institution
,	O
and	O
Michael	B-/person
Schick	I-/person
of	O
the	O
Department	B-/organization/company,/government_agency,/organization
of	I-/organization/company,/government_agency,/organization
Physics	I-/organization/company,/government_agency,/organization
.	O

A	O
federal	O
grand	O
jury	O
has	O
indicted	O
eight	O
people	O
suspected	O
of	O
operating	O
a	O
human-trafficking	O
ring	O
for	O
interstate	O
prostitution	O
from	O
a	O
Korean	O
nightclub	O
in	O
Federal	B-/location
Way	I-/location
.	O

Prosecutors	O
say	O
the	O
owner	O
,	O
manager	O
and	O
others	O
at	O
the	O
Blue	B-/location
Moon	I-/location
,	O
31140	O
Pacific	B-/location
Highway	I-/location
South	I-/location
,	O
were	O
recruiting	O
Korean	O
women	O
,	O
many	O
from	O
overseas	O
,	O
to	O
work	O
as	O
“	O
hostesses	O
.	O
”	O

The	O
women	O
were	O
expected	O
to	O
entertain	O
men	O
and	O
set	O
up	O
subsequent	O
meetings	O
for	O
paid	O
sex	O
to	O
repay	O
their	O
travel	O
and	O
living	O
expenses	O
,	O
the	O
U.S.	B-/government_agency
Attorney	I-/government_agency
’s	I-/government_agency
Office	I-/government_agency
announced	O
Friday	B-/time
.	O

The	O
grand	O
jury	O
issued	O
a	O
12-count	O
indictment	O
Wednesday	B-/organization/sports_team
against	O
eight	O
men	O
and	O
women	O
associated	O
with	O
the	O
Blue	B-/location
Moon	I-/location
.	O

The	O
owner	O
and	O
seven	O
others	O
were	O
charged	O
with	O
several	O
crimes	O
,	O
including	O
conspiracy	O
to	O
commit	O
money	O
laundering	O
,	O
visa	O
fraud	O
,	O
harboring	O
illegal	O
aliens	O
,	O
bribery	O
and	O
transportation	O
in	O
furtherance	O
of	O
prostitution	O
.	O

Federal	O
agents	O
served	O
search	O
warrants	O
on	O
the	O
Blue	B-/location
Moon	I-/location
and	O
several	O
homes	O
Thursday	B-/event
.	O

The	O
club	O
was	O
closed	O
Friday	B-/time
and	O
might	O
not	O
reopen	O
,	O
federal	O
officials	O
said	O
.	O

The	O
indictment	O
is	O
the	O
result	O
of	O
a	O
two-year	O
,	O
multi-agency	O
investigation	O
headed	O
by	O
the	O
U.S.	B-/government_agency,/organization,/government/government,/military
Immigration	I-/government_agency,/organization,/government/government,/military
and	I-/government_agency,/organization,/government/government,/military
Customs	I-/government_agency,/organization,/government/government,/military
Enforcement	I-/government_agency,/organization,/government/government,/military
’s	O
homeland	O
security	O
investigations	O
unit	O
.	O

“	O
The	O
organizers	O
of	O
this	O
criminal	O
scheme	O
exploited	O
vulnerable	O
young	O
women	O
to	O
satisfy	O
their	O
greed	O
,	O
”	O
U.S.	B-/title
Attorney	I-/title
Jenny	B-/person,/person/politician
A.	I-/person,/person/politician
Durkan	I-/person,/person/politician
said	O
.	O

“	O
They	O
also	O
sought	O
to	O
protect	O
their	O
business	O
by	O
offering	O
bribes	O
to	O
law	O
enforcement	O
.	O
”	O

Agents	O
arrested	O
six	O
of	O
the	O
accused	O
Thursday	B-/event
morning	O
,	O
including	O
the	O
club	O
’s	O
owner	O
,	O
Chang	B-/person
Young	I-/person
Kim	I-/person
,	O
a	O
58-year-old	O
Milton	B-/location,/location/city
resident	O
;	O
and	O
his	O
wife	O
,	O
35-year-old	O
Yeun	B-/person
Jeong	I-/person
Mun	I-/person
.	O

Investigators	O
suspect	O
Mun	B-/location
worked	O
as	O
a	O
former	O
madam	O
at	O
the	O
club	O
,	O
prosecutors	O
said	O
.	O

Also	O
arrested	O
Thursday	B-/time
were	O
:	O
Miyoung	B-/person
Roberts	I-/person
,	O
40	O
,	O
of	O
Federal	B-/location,/location/city
Way	I-/location,/location/city
;	O
accused	O
of	O
being	O
the	O
current	O
madam	O
at	O
the	O
club	O
.	O

Jung	B-/person
San	I-/person
So	I-/person
,	O
55	O
,	O
of	O
Seattle	B-/location,/building,/location/city
;	O
suspected	O
of	O
being	O
the	O
current	O
club	O
manager	O
.	O

Raymond	B-/person,/person/doctor,/person/author
Jung	I-/person,/person/doctor,/person/author
,	O
51	O
,	O
of	O
Federal	B-/location,/location/city
Way	I-/location,/location/city
;	O
accused	O
of	O
leasing	O
apartments	O
where	O
the	O
women	O
were	O
housed	O
.	O

Kwang	B-/person,/person/athlete
Frank	I-/person,/person/athlete
Lee	I-/person,/person/athlete
,	O
57	O
,	O
of	O
Federal	B-/location
Way	I-/location
;	O
accused	O
of	O
providing	O
money	O
to	O
finance	O
a	O
bogus	O
marriage	O
tied	O
to	O
the	O
scheme	O
.	O

During	O
court	O
appearances	O
Thursday	B-/event,/time
,	O
the	O
six	O
defendants	O
were	O
ordered	O
held	O
without	O
bond	O
pending	O
detention	O
hearings	O
.	O

Two	O
other	O
defendants	O
–	O
Sung	B-/person,/event
Hee	I-/person,/event
Han	I-/person,/event
and	O
Hee	B-/person
Jae	I-/person
Cho	I-/person
,	O
both	O
40	O
and	O
of	O
Federal	B-/location
Way	I-/location
–	O
still	O
are	O
sought	O
.	O

Han	B-/person
is	O
suspected	O
of	O
being	O
an	O
assistant	O
madam	O
at	O
the	O
Blue	B-/location
Moon	I-/location
,	O
and	O
Cho	B-/person,/person/athlete
is	O
a	O
former	O
manager	O
,	O
according	O
to	O
prosecutors	O
.	O

Investigators	O
suspect	O
Cho	B-/person
is	O
in	O
the	O
Los	B-/location,/location/city
Angeles	I-/location,/location/city
area	O
.	O

Agents	O
began	O
investigating	O
the	O
club	O
in	O
November	B-/event
2009	I-/event
.	O

Seattle	B-/military
police	I-/military
detectives	O
had	O
been	O
investigating	O
an	O
unrelated	O
embezzlement	O
scheme	O
when	O
they	O
received	O
information	O
on	O
the	O
sex-trafficking	O
ring	O
and	O
passed	O
it	O
along	O
to	O
the	O
federal	O
agents	O
.	O

In	O
addition	O
to	O
other	O
charges	O
,	O
prosecutors	O
suspect	O
Kim	B-/person
,	O
the	O
club	O
’s	O
owner	O
,	O
tried	O
to	O
bribe	O
an	O
undercover	O
officer	O
in	O
the	O
case	O
.	O

Kim	B-/person
offered	O
$	O
15,000	O
in	O
exchange	O
for	O
a	O
heads-up	O
on	O
law	O
enforcement	O
inspections	O
and	O
cooperation	O
from	O
immigration	O
authorities	O
to	O
allow	O
undocumented	O
Korean	O
women	O
to	O
come	O
to	O
the	O
United	B-/location,/person/artist,/government_agency,/language,/title,/location/cemetery,/location/country
States	I-/location,/person/artist,/government_agency,/language,/title,/location/cemetery,/location/country
,	O
prosecutors	O
said	O
.	O

Kim	B-/person
has	O
been	O
charged	O
with	O
five	O
crimes	O
related	O
to	O
the	O
bribery	O
accusations	O
.	O

Seattle	B-/government/government
City	I-/government/government
Council	I-/government/government
members	O
said	O
Friday	O
they	O
are	O
troubled	O
that	O
Mayor	B-/person
Mike	I-/person
McGinn	I-/person
would	O
hire	O
a	O
consultant	O
to	O
advise	O
the	O
city	O
on	O
the	O
development	O
of	O
a	O
new	O
,	O
state-of-the-art	O
sports	O
facility	O
that	O
could	O
draw	O
an	O
NBA	B-/organization
team	O
back	O
to	O
Seattle	B-/location,/location/city
—	O
without	O
conferring	O
with	O
them	O
.	O

"	O
I	O
understand	O
vague	O
rumors	O
are	O
one	O
thing	O
.	O

But	O
if	O
they	O
[	O
the	B-/organization
Mayor	I-/organization
's	I-/organization
Office	I-/organization
]	O
felt	O
this	O
was	O
important	O
enough	O
to	O
enter	O
into	O
a	O
contract	O
,	O
I	O
think	O
it	O
would	O
have	O
been	O
appropriate	O
to	O
notify	O
the	O
council	O
at	O
that	O
point	O
,	O
"	O
said	O
Councilmember	B-/person,/person/athlete
Richard	I-/person,/person/athlete
Conlin	I-/person,/person/athlete
.	O

McGinn	B-/person
agreed	O
to	O
a	O
$	O
19,500-per-month	O
contract	O
in	O
July	B-/event
with	O
a	O
nationally	O
prominent	O
sports-facilities	O
consultant	O
,	O
Carl	B-/person,/person/athlete
Hirsh	I-/person,/person/athlete
.	O

McGinn	B-/person
is	O
allowed	O
to	O
spend	O
up	O
to	O
$	O
250,000	O
on	O
contracts	O
before	O
he	O
's	O
required	O
to	O
notify	O
the	O
council	O
.	O

The	O
council	O
knew	O
nothing	O
of	O
Hirsh	B-/person
's	O
hiring	O
,	O
nor	O
of	O
the	O
mayor	O
's	O
discussions	O
with	O
a	O
potential	O
investment	O
group	O
that	O
has	O
acquired	O
property	O
in	O
the	O
Sodo	B-/location
District	I-/location
,	O
until	O
The	B-/written_work,/organization/company,/organization
Seattle	I-/written_work,/organization/company,/organization
Times	I-/written_work,/organization/company,/organization
in	O
December	B-/location/city
was	O
about	O
to	O
report	O
that	O
the	O
city	O
was	O
examining	O
an	O
"	O
opportunity	O
"	O
to	O
bring	O
an	O
NBA	B-/organization/company,/organization/sports_league,/title,/organization,/news_agency
team	O
to	O
Seattle	B-/location,/location/city
.	O

"	O
It	O
would	O
have	O
been	O
nice	O
to	O
know	O
about	O
it	O
sooner	O
,	O
even	O
though	O
I	O
understand	O
they	O
do	O
n't	O
have	O
a	O
firm	O
proposal	O
,	O
"	O
said	O
Councilmember	B-/person
Sally	I-/person
Clark	I-/person
.	O

McGinn	B-/person
said	O
Friday	B-/time
that	O
his	O
office	O
was	O
approached	O
last	O
year	O
by	O
"	O
a	O
private	O
party	O
interested	O
in	O
making	O
a	O
significant	O
investment	O
to	O
construct	O
a	O
new	O
arena	O
in	O
Seattle	B-/location,/location/city
.	O
"	O

The	B-/written_work,/organization,/person/author,/news_agency
Times	I-/written_work,/organization,/person/author,/news_agency
also	O
reported	O
in	O
December	B-/time
that	O
the	O
investment	O
group	O
is	O
headed	O
by	O
San	B-/location/city,/location/county
Francisco	I-/location/city,/location/county
hedge-fund	O
manager	O
Christopher	B-/person
Hansen	I-/person
,	O
who	O
has	O
family	O
ties	O
to	O
Seattle	B-/location,/location/city
.	O

McGinn	B-/person
said	O
he	O
assembled	O
an	O
internal	O
city	O
team	O
to	O
evaluate	O
the	O
proposal	O
.	O

He	O
said	O
he	O
and	O
the	O
team	O
reached	O
the	O
conclusion	O
that	O
additional	O
expertise	O
was	O
warranted	O
,	O
including	O
hiring	O
Hirsh	B-/person/athlete
.	O

The	O
city	O
also	O
hired	O
a	O
local	O
bond	O
attorney	O
,	O
Hugh	B-/person
Spitzer	I-/person
,	O
in	O
September	B-/time
to	O
advise	O
it	O
on	O
financial	O
and	O
legal	O
issues	O
,	O
including	O
Initiative	B-/written_work,/organization
91	I-/written_work,/organization
,	O
the	O
2006	O
voter-approved	O
initiative	O
that	O
requires	O
the	O
city	O
to	O
earn	O
a	O
return	O
on	O
investment	O
for	O
any	O
sports	O
venue	O
.	O

The	B-/written_work,/organization/company,/organization,/news_agency
Seattle	I-/written_work,/organization/company,/organization,/news_agency
Times	I-/written_work,/organization/company,/organization,/news_agency
requested	O
copies	O
of	O
the	O
consultants	O
'	O
contracts	O
under	O
the	O
state	O
Public	B-/law
Records	I-/law
Act	I-/law
in	O
December	B-/time
.	O

McGinn	B-/person
's	O
office	O
initially	O
said	O
the	O
documents	O
would	O
not	O
be	O
released	O
until	O
February	B-/language,/time
,	O
but	O
changed	O
course	O
and	